Added Component: Designator=C1(Capacitor 1206)
Add component (AddParameter): Name = "Check_prices"; Value = "https://www.snapeda.com/parts/12061C225K4T2A/AVX/view-part/?ref=eda"; VariantName = "[No Variations]"
Add component (AddParameter): Name = "MF"; Value = "AVX"; VariantName = "[No Variations]"
Add component (AddParameter): Name = "MP"; Value = "12061C225K4T2A"; VariantName = "[No Variations]"
Add component (AddParameter): Name = "Package"; Value = "3216 AVX"; VariantName = "[No Variations]"
Add component (AddParameter): Name = "SnapEDA_Link"; Value = "https://www.snapeda.com/parts/12061C225K4T2A/AVX/view-part/?ref=snap"; VariantName = "[No Variations]"
Add component (AddParameter): Name = "Value"; Value = ""; VariantName = "[No Variations]"
Added Component: Designator=C2(Capacitor 1206)
Add component (AddParameter): Name = "Check_prices"; Value = "https://www.snapeda.com/parts/12061C225K4T2A/AVX/view-part/?ref=eda"; VariantName = "[No Variations]"
Add component (AddParameter): Name = "MF"; Value = "AVX"; VariantName = "[No Variations]"
Add component (AddParameter): Name = "MP"; Value = "12061C225K4T2A"; VariantName = "[No Variations]"
Add component (AddParameter): Name = "Package"; Value = "3216 AVX"; VariantName = "[No Variations]"
Add component (AddParameter): Name = "SnapEDA_Link"; Value = "https://www.snapeda.com/parts/12061C225K4T2A/AVX/view-part/?ref=snap"; VariantName = "[No Variations]"
Add component (AddParameter): Name = "Value"; Value = ""; VariantName = "[No Variations]"
Added Component: Designator=C3(Capacitor 1206)
Add component (AddParameter): Name = "Check_prices"; Value = "https://www.snapeda.com/parts/12061C225K4T2A/AVX/view-part/?ref=eda"; VariantName = "[No Variations]"
Add component (AddParameter): Name = "MF"; Value = "AVX"; VariantName = "[No Variations]"
Add component (AddParameter): Name = "MP"; Value = "12061C225K4T2A"; VariantName = "[No Variations]"
Add component (AddParameter): Name = "Package"; Value = "3216 AVX"; VariantName = "[No Variations]"
Add component (AddParameter): Name = "SnapEDA_Link"; Value = "https://www.snapeda.com/parts/12061C225K4T2A/AVX/view-part/?ref=snap"; VariantName = "[No Variations]"
Add component (AddParameter): Name = "Value"; Value = ""; VariantName = "[No Variations]"
Added Component: Designator=C4(Capacitor 1206)
Add component (AddParameter): Name = "Check_prices"; Value = "https://www.snapeda.com/parts/12061C225K4T2A/AVX/view-part/?ref=eda"; VariantName = "[No Variations]"
Add component (AddParameter): Name = "MF"; Value = "AVX"; VariantName = "[No Variations]"
Add component (AddParameter): Name = "MP"; Value = "12061C225K4T2A"; VariantName = "[No Variations]"
Add component (AddParameter): Name = "Package"; Value = "3216 AVX"; VariantName = "[No Variations]"
Add component (AddParameter): Name = "SnapEDA_Link"; Value = "https://www.snapeda.com/parts/12061C225K4T2A/AVX/view-part/?ref=snap"; VariantName = "[No Variations]"
Add component (AddParameter): Name = "Value"; Value = ""; VariantName = "[No Variations]"
Added Component: Designator=C5(Capacitor 1206)
Add component (AddParameter): Name = "Check_prices"; Value = "https://www.snapeda.com/parts/12061C225K4T2A/AVX/view-part/?ref=eda"; VariantName = "[No Variations]"
Add component (AddParameter): Name = "MF"; Value = "AVX"; VariantName = "[No Variations]"
Add component (AddParameter): Name = "MP"; Value = "12061C225K4T2A"; VariantName = "[No Variations]"
Add component (AddParameter): Name = "Package"; Value = "3216 AVX"; VariantName = "[No Variations]"
Add component (AddParameter): Name = "SnapEDA_Link"; Value = "https://www.snapeda.com/parts/12061C225K4T2A/AVX/view-part/?ref=snap"; VariantName = "[No Variations]"
Add component (AddParameter): Name = "Value"; Value = ""; VariantName = "[No Variations]"
Added Component: Designator=C6(Capacitor 1206)
Add component (AddParameter): Name = "Check_prices"; Value = "https://www.snapeda.com/parts/12061C225K4T2A/AVX/view-part/?ref=eda"; VariantName = "[No Variations]"
Add component (AddParameter): Name = "MF"; Value = "AVX"; VariantName = "[No Variations]"
Add component (AddParameter): Name = "MP"; Value = "12061C225K4T2A"; VariantName = "[No Variations]"
Add component (AddParameter): Name = "Package"; Value = "3216 AVX"; VariantName = "[No Variations]"
Add component (AddParameter): Name = "SnapEDA_Link"; Value = "https://www.snapeda.com/parts/12061C225K4T2A/AVX/view-part/?ref=snap"; VariantName = "[No Variations]"
Add component (AddParameter): Name = "Value"; Value = ""; VariantName = "[No Variations]"
Added Component: Designator=C7(Capacitor 1206)
Add component (AddParameter): Name = "Check_prices"; Value = "https://www.snapeda.com/parts/12061C225K4T2A/AVX/view-part/?ref=eda"; VariantName = "[No Variations]"
Add component (AddParameter): Name = "MF"; Value = "AVX"; VariantName = "[No Variations]"
Add component (AddParameter): Name = "MP"; Value = "12061C225K4T2A"; VariantName = "[No Variations]"
Add component (AddParameter): Name = "Package"; Value = "3216 AVX"; VariantName = "[No Variations]"
Add component (AddParameter): Name = "SnapEDA_Link"; Value = "https://www.snapeda.com/parts/12061C225K4T2A/AVX/view-part/?ref=snap"; VariantName = "[No Variations]"
Add component (AddParameter): Name = "Value"; Value = ""; VariantName = "[No Variations]"
Added Component: Designator=C10(Capacitor 1206)
Add component (AddParameter): Name = "Check_prices"; Value = "https://www.snapeda.com/parts/12061C225K4T2A/AVX/view-part/?ref=eda"; VariantName = "[No Variations]"
Add component (AddParameter): Name = "MF"; Value = "AVX"; VariantName = "[No Variations]"
Add component (AddParameter): Name = "MP"; Value = "12061C225K4T2A"; VariantName = "[No Variations]"
Add component (AddParameter): Name = "Package"; Value = "3216 AVX"; VariantName = "[No Variations]"
Add component (AddParameter): Name = "SnapEDA_Link"; Value = "https://www.snapeda.com/parts/12061C225K4T2A/AVX/view-part/?ref=snap"; VariantName = "[No Variations]"
Add component (AddParameter): Name = "Value"; Value = ""; VariantName = "[No Variations]"
Added Component: Designator=D1(LED 1206)
Add component (AddParameter): Name = "Check_prices"; Value = "https://www.snapeda.com/parts/LTST-C230KGKT/Lite-On/view-part/?ref=eda"; VariantName = "[No Variations]"
Add component (AddParameter): Name = "MF"; Value = "Lite-On Inc."; VariantName = "[No Variations]"
Add component (AddParameter): Name = "MP"; Value = "LTST-C230KGKT"; VariantName = "[No Variations]"
Add component (AddParameter): Name = "Package"; Value = "1206 Lite-On"; VariantName = "[No Variations]"
Add component (AddParameter): Name = "SnapEDA_Link"; Value = "https://www.snapeda.com/parts/LTST-C230KGKT/Lite-On/view-part/?ref=snap"; VariantName = "[No Variations]"
Add component (AddParameter): Name = "Value"; Value = ""; VariantName = "[No Variations]"
Added Component: Designator=D2(LED 1206)
Add component (AddParameter): Name = "Check_prices"; Value = "https://www.snapeda.com/parts/LTST-C230KGKT/Lite-On/view-part/?ref=eda"; VariantName = "[No Variations]"
Add component (AddParameter): Name = "MF"; Value = "Lite-On Inc."; VariantName = "[No Variations]"
Add component (AddParameter): Name = "MP"; Value = "LTST-C230KGKT"; VariantName = "[No Variations]"
Add component (AddParameter): Name = "Package"; Value = "1206 Lite-On"; VariantName = "[No Variations]"
Add component (AddParameter): Name = "SnapEDA_Link"; Value = "https://www.snapeda.com/parts/LTST-C230KGKT/Lite-On/view-part/?ref=snap"; VariantName = "[No Variations]"
Add component (AddParameter): Name = "Value"; Value = ""; VariantName = "[No Variations]"
Added Component: Designator=D3(LED 1206)
Add component (AddParameter): Name = "Check_prices"; Value = "https://www.snapeda.com/parts/LTST-C230KGKT/Lite-On/view-part/?ref=eda"; VariantName = "[No Variations]"
Add component (AddParameter): Name = "MF"; Value = "Lite-On Inc."; VariantName = "[No Variations]"
Add component (AddParameter): Name = "MP"; Value = "LTST-C230KGKT"; VariantName = "[No Variations]"
Add component (AddParameter): Name = "Package"; Value = "1206 Lite-On"; VariantName = "[No Variations]"
Add component (AddParameter): Name = "SnapEDA_Link"; Value = "https://www.snapeda.com/parts/LTST-C230KGKT/Lite-On/view-part/?ref=snap"; VariantName = "[No Variations]"
Add component (AddParameter): Name = "Value"; Value = ""; VariantName = "[No Variations]"
Added Component: Designator=D4(LED 1206)
Add component (AddParameter): Name = "Check_prices"; Value = "https://www.snapeda.com/parts/LTST-C230KGKT/Lite-On/view-part/?ref=eda"; VariantName = "[No Variations]"
Add component (AddParameter): Name = "MF"; Value = "Lite-On Inc."; VariantName = "[No Variations]"
Add component (AddParameter): Name = "MP"; Value = "LTST-C230KGKT"; VariantName = "[No Variations]"
Add component (AddParameter): Name = "Package"; Value = "1206 Lite-On"; VariantName = "[No Variations]"
Add component (AddParameter): Name = "SnapEDA_Link"; Value = "https://www.snapeda.com/parts/LTST-C230KGKT/Lite-On/view-part/?ref=snap"; VariantName = "[No Variations]"
Add component (AddParameter): Name = "Value"; Value = ""; VariantName = "[No Variations]"
Added Component: Designator=J1(Type-C)
Add component (AddParameter): Name = "Availability"; Value = "Unavailable"; VariantName = "[No Variations]"
Add component (AddParameter): Name = "MF"; Value = ""; VariantName = "[No Variations]"
Add component (AddParameter): Name = "MP"; Value = "2345986-1"; VariantName = "[No Variations]"
Add component (AddParameter): Name = "Package"; Value = "None"; VariantName = "[No Variations]"
Add component (AddParameter): Name = "Price"; Value = "None"; VariantName = "[No Variations]"
Add component (AddParameter): Name = "Value"; Value = ""; VariantName = "[No Variations]"
Added Component: Designator=P1(PCB_Pin_1)
Added Component: Designator=P2(PCB_Pin_1)
Added Component: Designator=P3(PCB_Pin_1)
Added Component: Designator=P4(PCB_Pin_1)
Added Component: Designator=P5(PCB_Pin_1)
Added Component: Designator=R1(Resistor 1206)
Add component (AddParameter): Name = "Availability"; Value = "Unavailable"; VariantName = "[No Variations]"
Add component (AddParameter): Name = "MF"; Value = ""; VariantName = "[No Variations]"
Add component (AddParameter): Name = "MP"; Value = "ERJU08F4703V"; VariantName = "[No Variations]"
Add component (AddParameter): Name = "Package"; Value = "None"; VariantName = "[No Variations]"
Add component (AddParameter): Name = "Price"; Value = "None"; VariantName = "[No Variations]"
Add component (AddParameter): Name = "Value"; Value = ""; VariantName = "[No Variations]"
Added Component: Designator=R2(Resistor 1206)
Add component (AddParameter): Name = "Availability"; Value = "Unavailable"; VariantName = "[No Variations]"
Add component (AddParameter): Name = "MF"; Value = ""; VariantName = "[No Variations]"
Add component (AddParameter): Name = "MP"; Value = "ERJU08F4703V"; VariantName = "[No Variations]"
Add component (AddParameter): Name = "Package"; Value = "None"; VariantName = "[No Variations]"
Add component (AddParameter): Name = "Price"; Value = "None"; VariantName = "[No Variations]"
Add component (AddParameter): Name = "Value"; Value = ""; VariantName = "[No Variations]"
Added Component: Designator=R3(Resistor 1206)
Add component (AddParameter): Name = "Availability"; Value = "Unavailable"; VariantName = "[No Variations]"
Add component (AddParameter): Name = "MF"; Value = ""; VariantName = "[No Variations]"
Add component (AddParameter): Name = "MP"; Value = "ERJU08F4703V"; VariantName = "[No Variations]"
Add component (AddParameter): Name = "Package"; Value = "None"; VariantName = "[No Variations]"
Add component (AddParameter): Name = "Price"; Value = "None"; VariantName = "[No Variations]"
Add component (AddParameter): Name = "Value"; Value = ""; VariantName = "[No Variations]"
Added Component: Designator=R4(Resistor 1206)
Add component (AddParameter): Name = "Availability"; Value = "Unavailable"; VariantName = "[No Variations]"
Add component (AddParameter): Name = "MF"; Value = ""; VariantName = "[No Variations]"
Add component (AddParameter): Name = "MP"; Value = "ERJU08F4703V"; VariantName = "[No Variations]"
Add component (AddParameter): Name = "Package"; Value = "None"; VariantName = "[No Variations]"
Add component (AddParameter): Name = "Price"; Value = "None"; VariantName = "[No Variations]"
Add component (AddParameter): Name = "Value"; Value = ""; VariantName = "[No Variations]"
Added Component: Designator=RN1(Resistor array 1206)
Add component (AddParameter): Name = "Check_prices"; Value = "https://www.snapeda.com/parts/CAY16-331J4LF/Bourns/view-part/?ref=eda"; VariantName = "[No Variations]"
Add component (AddParameter): Name = "MF"; Value = "Bourns"; VariantName = "[No Variations]"
Add component (AddParameter): Name = "MP"; Value = "CAY16-331J4LF"; VariantName = "[No Variations]"
Add component (AddParameter): Name = "Package"; Value = "NON STANDARD-8 Bourns"; VariantName = "[No Variations]"
Add component (AddParameter): Name = "SnapEDA_Link"; Value = "https://www.snapeda.com/parts/CAY16-331J4LF/Bourns/view-part/?ref=snap"; VariantName = "[No Variations]"
Add component (AddParameter): Name = "Value"; Value = ""; VariantName = "[No Variations]"
Added Component: Designator=SW1(Button)
Add component (AddParameter): Name = "Check_prices"; Value = "https://www.snapeda.com/parts/1-1825910-4/TE+Connectivity+Alcoswitch+Switches/view-part/?ref=eda"; VariantName = "[No Variations]"
Add component (AddParameter): Name = "MF"; Value = "TE Connectivity ALCOSWITCH Switches"; VariantName = "[No Variations]"
Add component (AddParameter): Name = "MP"; Value = "1-1825910-4"; VariantName = "[No Variations]"
Add component (AddParameter): Name = "Package"; Value = "None"; VariantName = "[No Variations]"
Add component (AddParameter): Name = "SnapEDA_Link"; Value = "https://www.snapeda.com/parts/1-1825910-4/TE+Connectivity+Alcoswitch+Switches/view-part/?ref=snap"; VariantName = "[No Variations]"
Add component (AddParameter): Name = "Value"; Value = ""; VariantName = "[No Variations]"
Added Component: Designator=U1(USBLC6-2SC6)
Add component (AddParameter): Name = "Availability"; Value = "In Stock"; VariantName = "[No Variations]"
Add component (AddParameter): Name = "Check_prices"; Value = "https://www.snapeda.com/parts/USBLC6-2SC6/STMicroelectronics/view-part/?ref=eda"; VariantName = "[No Variations]"
Add component (AddParameter): Name = "MF"; Value = "STMicroelectronics"; VariantName = "[No Variations]"
Add component (AddParameter): Name = "MP"; Value = "USBLC6-2SC6"; VariantName = "[No Variations]"
Add component (AddParameter): Name = "Package"; Value = "SOT-23-6 STMicroelectronics"; VariantName = "[No Variations]"
Add component (AddParameter): Name = "Price"; Value = "None"; VariantName = "[No Variations]"
Add component (AddParameter): Name = "Purchase-URL"; Value = "https://pricing.snapeda.com/search/part/USBLC6-2SC6/?ref=eda"; VariantName = "[No Variations]"
Add component (AddParameter): Name = "SnapEDA_Link"; Value = "https://www.snapeda.com/parts/USBLC6-2SC6/STMicroelectronics/view-part/?ref=snap"; VariantName = "[No Variations]"
Add component (AddParameter): Name = "Value"; Value = ""; VariantName = "[No Variations]"
Added Component: Designator=U2(CH-340C)
Add component (AddParameter): Name = "Availability"; Value = "Not in stock"; VariantName = "[No Variations]"
Add component (AddParameter): Name = "Check_prices"; Value = "https://www.snapeda.com/parts/CH340C/WCH/view-part/?ref=eda"; VariantName = "[No Variations]"
Add component (AddParameter): Name = "MF"; Value = "WCH"; VariantName = "[No Variations]"
Add component (AddParameter): Name = "MP"; Value = "CH340C"; VariantName = "[No Variations]"
Add component (AddParameter): Name = "Package"; Value = "None"; VariantName = "[No Variations]"
Add component (AddParameter): Name = "Price"; Value = "None"; VariantName = "[No Variations]"
Add component (AddParameter): Name = "SnapEDA_Link"; Value = "https://www.snapeda.com/parts/CH340C/WCH/view-part/?ref=snap"; VariantName = "[No Variations]"
Add component (AddParameter): Name = "Value"; Value = ""; VariantName = "[No Variations]"
Added Component: Designator=U3(ATMEGA328P-AU)
Add component (AddParameter): Name = "Check_prices"; Value = "https://www.snapeda.com/parts/ATMEGA328PAU/Microchip+Technology/view-part/?ref=eda"; VariantName = "[No Variations]"
Add component (AddParameter): Name = "MF"; Value = "Microchip Technology"; VariantName = "[No Variations]"
Add component (AddParameter): Name = "MP"; Value = "ATMEGA328PAU"; VariantName = "[No Variations]"
Add component (AddParameter): Name = "Package"; Value = "None"; VariantName = "[No Variations]"
Add component (AddParameter): Name = "SnapEDA_Link"; Value = "https://www.snapeda.com/parts/ATMEGA328PAU/Microchip+Technology/view-part/?ref=snap"; VariantName = "[No Variations]"
Add component (AddParameter): Name = "Value"; Value = ""; VariantName = "[No Variations]"
Added Component: Designator=U4(LM358DT)
Add component (AddParameter): Name = "Availability"; Value = "Unavailable"; VariantName = "[No Variations]"
Add component (AddParameter): Name = "MF"; Value = "STMicroelectronics"; VariantName = "[No Variations]"
Add component (AddParameter): Name = "MP"; Value = "LM358DT"; VariantName = "[No Variations]"
Add component (AddParameter): Name = "Package"; Value = "SOIC-8 STMicroelectronics"; VariantName = "[No Variations]"
Add component (AddParameter): Name = "Price"; Value = "None"; VariantName = "[No Variations]"
Add component (AddParameter): Name = "SnapEDA_Link"; Value = "https://www.snapeda.com/parts/LM358DT/STMicroelectronics/view-part/6634/?ref=snap"; VariantName = "[No Variations]"
Add component (AddParameter): Name = "Value"; Value = ""; VariantName = "[No Variations]"
Added Component: Designator=Y1(Crystal 16MHz)
Add component (AddParameter): Name = "Check_prices"; Value = "https://www.snapeda.com/parts/CA-3.6864-18-3050-X/Aker/view-part/?ref=eda"; VariantName = "[No Variations]"
Add component (AddParameter): Name = "MF"; Value = "Aker Technology"; VariantName = "[No Variations]"
Add component (AddParameter): Name = "MP"; Value = "CA-3.6864-18-3050-X"; VariantName = "[No Variations]"
Add component (AddParameter): Name = "Package"; Value = "None"; VariantName = "[No Variations]"
Add component (AddParameter): Name = "SnapEDA_Link"; Value = "https://www.snapeda.com/parts/CA-3.6864-18-3050-X/Aker/view-part/?ref=snap"; VariantName = "[No Variations]"
Add component (AddParameter): Name = "Value"; Value = ""; VariantName = "[No Variations]"
Added Component: Designator=Ń8(Capacitor 1206)
Add component (AddParameter): Name = "Check_prices"; Value = "https://www.snapeda.com/parts/12061C225K4T2A/AVX/view-part/?ref=eda"; VariantName = "[No Variations]"
Add component (AddParameter): Name = "MF"; Value = "AVX"; VariantName = "[No Variations]"
Add component (AddParameter): Name = "MP"; Value = "12061C225K4T2A"; VariantName = "[No Variations]"
Add component (AddParameter): Name = "Package"; Value = "3216 AVX"; VariantName = "[No Variations]"
Add component (AddParameter): Name = "SnapEDA_Link"; Value = "https://www.snapeda.com/parts/12061C225K4T2A/AVX/view-part/?ref=snap"; VariantName = "[No Variations]"
Add component (AddParameter): Name = "Value"; Value = ""; VariantName = "[No Variations]"
Added Component: Designator=Ń9(Capacitor 1206)
Add component (AddParameter): Name = "Check_prices"; Value = "https://www.snapeda.com/parts/12061C225K4T2A/AVX/view-part/?ref=eda"; VariantName = "[No Variations]"
Add component (AddParameter): Name = "MF"; Value = "AVX"; VariantName = "[No Variations]"
Add component (AddParameter): Name = "MP"; Value = "12061C225K4T2A"; VariantName = "[No Variations]"
Add component (AddParameter): Name = "Package"; Value = "3216 AVX"; VariantName = "[No Variations]"
Add component (AddParameter): Name = "SnapEDA_Link"; Value = "https://www.snapeda.com/parts/12061C225K4T2A/AVX/view-part/?ref=snap"; VariantName = "[No Variations]"
Add component (AddParameter): Name = "Value"; Value = ""; VariantName = "[No Variations]"
Added Pin To Net: NetName=GND Pin=C1-1
Added Pin To Net: NetName=NetC1_2 Pin=C1-2
Added Pin To Net: NetName=GND Pin=C2-1
Added Pin To Net: NetName=VCC Pin=C2-2
Added Pin To Net: NetName=GND Pin=C3-1
Added Pin To Net: NetName=VCC Pin=C3-2
Added Pin To Net: NetName=GND Pin=C4-2
Added Pin To Net: NetName=Reset Pin=C5-2
Added Pin To Net: NetName=GND Pin=C6-2
Added Pin To Net: NetName=GND Pin=C7-2
Added Pin To Net: NetName=VCC Pin=C10-1
Added Pin To Net: NetName=GND Pin=C10-2
Added Pin To Net: NetName=GND Pin=D1-C
Added Pin To Net: NetName=GND Pin=D2-C
Added Pin To Net: NetName=GND Pin=D3-C
Added Pin To Net: NetName=GND Pin=D4-C
Added Pin To Net: NetName=GND Pin=J1-A1
Added Pin To Net: NetName=VCC Pin=J1-A4
Added Pin To Net: NetName=NetJ1_A5 Pin=J1-A5
Added Pin To Net: NetName=D+ Pin=J1-A6
Added Pin To Net: NetName=D- Pin=J1-A7
Added Pin To Net: NetName=VCC Pin=J1-A9
Added Pin To Net: NetName=GND Pin=J1-A12
Added Pin To Net: NetName=GND Pin=J1-B1
Added Pin To Net: NetName=VCC Pin=J1-B4
Added Pin To Net: NetName=NetJ1_B5 Pin=J1-B5
Added Pin To Net: NetName=D+ Pin=J1-B6
Added Pin To Net: NetName=D- Pin=J1-B7
Added Pin To Net: NetName=VCC Pin=J1-B9
Added Pin To Net: NetName=GND Pin=J1-B12
Added Pin To Net: NetName=NetC1_2 Pin=J1-SH1
Added Pin To Net: NetName=NetC1_2 Pin=J1-SH2
Added Pin To Net: NetName=NetC1_2 Pin=J1-SH3
Added Pin To Net: NetName=NetC1_2 Pin=J1-SH4
Added Pin To Net: NetName=NetP1_0 Pin=P1-0
Added Pin To Net: NetName=NetP2_0 Pin=P2-0
Added Pin To Net: NetName=NetP3_0 Pin=P3-0
Added Pin To Net: NetName=VCC Pin=P4-0
Added Pin To Net: NetName=GND Pin=P5-0
Added Pin To Net: NetName=GND Pin=R1-1
Added Pin To Net: NetName=NetJ1_A5 Pin=R1-2
Added Pin To Net: NetName=NetJ1_B5 Pin=R2-1
Added Pin To Net: NetName=GND Pin=R2-2
Added Pin To Net: NetName=GND Pin=R3-1
Added Pin To Net: NetName=NetC1_2 Pin=R3-2
Added Pin To Net: NetName=VCC Pin=R4-1
Added Pin To Net: NetName=Reset Pin=R4-2
Added Pin To Net: NetName=VCC Pin=RN1-3
Added Pin To Net: NetName=GND Pin=SW1-1
Added Pin To Net: NetName=GND Pin=SW1-2
Added Pin To Net: NetName=Reset Pin=SW1-3
Added Pin To Net: NetName=Reset Pin=SW1-4
Added Pin To Net: NetName=D+ Pin=U1-1
Added Pin To Net: NetName=GND Pin=U1-2
Added Pin To Net: NetName=D- Pin=U1-3
Added Pin To Net: NetName=D- Pin=U1-4
Added Pin To Net: NetName=VCC Pin=U1-5
Added Pin To Net: NetName=D+ Pin=U1-6
Added Pin To Net: NetName=GND Pin=U2-1
Added Pin To Net: NetName=TX Pin=U2-2
Added Pin To Net: NetName=RX Pin=U2-3
Added Pin To Net: NetName=D+ Pin=U2-5
Added Pin To Net: NetName=D- Pin=U2-6
Added Pin To Net: NetName=VCC Pin=U2-16
Added Pin To Net: NetName=GND Pin=U3-3
Added Pin To Net: NetName=VCC Pin=U3-4
Added Pin To Net: NetName=GND Pin=U3-5
Added Pin To Net: NetName=VCC Pin=U3-6
Added Pin To Net: NetName=NetU3_8 Pin=U3-8
Added Pin To Net: NetName=VCC Pin=U3-18
Added Pin To Net: NetName=GND Pin=U3-21
Added Pin To Net: NetName=NetP1_0 Pin=U3-27
Added Pin To Net: NetName=NetP2_0 Pin=U3-28
Added Pin To Net: NetName=Reset Pin=U3-29
Added Pin To Net: NetName=TX Pin=U3-30
Added Pin To Net: NetName=RX Pin=U3-31
Added Pin To Net: NetName=NetP3_0 Pin=U3-32
Added Pin To Net: NetName=TX Pin=U4-3
Added Pin To Net: NetName=GND Pin=U4-4
Added Pin To Net: NetName=RX Pin=U4-5
Added Pin To Net: NetName=VCC Pin=U4-8
Added Pin To Net: NetName=NetU3_8 Pin=Y1-1
Added Pin To Net: NetName=GND Pin=Ń8-2
Added Pin To Net: NetName=VCC Pin=Ń9-1
Added Pin To Net: NetName=GND Pin=Ń9-2
Added Pin To Net: NetName=D13 Pin=RN1-4
Added Pin To Net: NetName=D13 Pin=U3-17
Added Net: Name=D13
Added Pin To Net: NetName=FD1 Pin=RN1-1
Added Pin To Net: NetName=FD1 Pin=U4-1
Added Pin To Net: NetName=FD1 Pin=U4-2
Added Net: Name=FD1
Added Pin To Net: NetName=FD2 Pin=RN1-2
Added Pin To Net: NetName=FD2 Pin=U4-6
Added Pin To Net: NetName=FD2 Pin=U4-7
Added Net: Name=FD2
Added Pin To Net: NetName=NetC4_1 Pin=C4-1
Added Pin To Net: NetName=NetC4_1 Pin=U2-4
Added Net: Name=NetC4_1
Added Pin To Net: NetName=NetC5_1 Pin=C5-1
Added Pin To Net: NetName=NetC5_1 Pin=U2-13
Added Net: Name=NetC5_1
Added Pin To Net: NetName=NetC6_1 Pin=C6-1
Added Pin To Net: NetName=NetC6_1 Pin=C7-1
Added Pin To Net: NetName=NetC6_1 Pin=U3-7
Added Pin To Net: NetName=NetC6_1 Pin=Y1-2
Added Net: Name=NetC6_1
Added Pin To Net: NetName=NetD1_A Pin=D1-A
Added Pin To Net: NetName=NetD1_A Pin=RN1-8
Added Net: Name=NetD1_A
Added Pin To Net: NetName=NetD2_A Pin=D2-A
Added Pin To Net: NetName=NetD2_A Pin=RN1-7
Added Net: Name=NetD2_A
Added Pin To Net: NetName=NetD3_A Pin=D3-A
Added Pin To Net: NetName=NetD3_A Pin=RN1-6
Added Net: Name=NetD3_A
Added Pin To Net: NetName=NetD4_A Pin=D4-A
Added Pin To Net: NetName=NetD4_A Pin=RN1-5
Added Net: Name=NetD4_A
Added Pin To Net: NetName=NetU3_20 Pin=U3-20
Added Pin To Net: NetName=NetU3_20 Pin=Ń8-1
Added Net: Name=NetU3_20
Added Member To Class: ClassName=ArduinoSchematic Member=Component C1 1n
Added Member To Class: ClassName=ArduinoSchematic Member=Component C2 100n
Added Member To Class: ClassName=ArduinoSchematic Member=Component C3 10u
Added Member To Class: ClassName=ArduinoSchematic Member=Component C4 100n
Added Member To Class: ClassName=ArduinoSchematic Member=Component C5 100n
Added Member To Class: ClassName=ArduinoSchematic Member=Component C6 22p
Added Member To Class: ClassName=ArduinoSchematic Member=Component C7 22p
Added Member To Class: ClassName=ArduinoSchematic Member=Component C10 100n
Added Member To Class: ClassName=ArduinoSchematic Member=Component D1 RX
Added Member To Class: ClassName=ArduinoSchematic Member=Component D2 TX
Added Member To Class: ClassName=ArduinoSchematic Member=Component D3 VCC
Added Member To Class: ClassName=ArduinoSchematic Member=Component D4 D13
Added Member To Class: ClassName=ArduinoSchematic Member=Component J1 Type-C
Added Member To Class: ClassName=ArduinoSchematic Member=Component P1 SDA
Added Member To Class: ClassName=ArduinoSchematic Member=Component P2 SCL
Added Member To Class: ClassName=ArduinoSchematic Member=Component P3 EN_PIN
Added Member To Class: ClassName=ArduinoSchematic Member=Component P4 VCC
Added Member To Class: ClassName=ArduinoSchematic Member=Component P5 GND
Added Member To Class: ClassName=ArduinoSchematic Member=Component R1 5.1K
Added Member To Class: ClassName=ArduinoSchematic Member=Component R2 5.1K
Added Member To Class: ClassName=ArduinoSchematic Member=Component R3 1M
Added Member To Class: ClassName=ArduinoSchematic Member=Component R4 10K
Added Member To Class: ClassName=ArduinoSchematic Member=Component RN1 Resistor array 1206
Added Member To Class: ClassName=ArduinoSchematic Member=Component SW1 Button
Added Member To Class: ClassName=ArduinoSchematic Member=Component U1 USBLC6-2SC6
Added Member To Class: ClassName=ArduinoSchematic Member=Component U2 CH340C
Added Member To Class: ClassName=ArduinoSchematic Member=Component U3 ATMEGA328P-AU
Added Member To Class: ClassName=ArduinoSchematic Member=Component U4 LM358DT
Added Member To Class: ClassName=ArduinoSchematic Member=Component Y1 Crystal 16MHz
Added Member To Class: ClassName=ArduinoSchematic Member=Component Ń8 100n
Added Member To Class: ClassName=ArduinoSchematic Member=Component Ń9 100n
